<?xml version="1.0" encoding="UTF-8"?>
<!-- Generated by org.testng.reporters.JUnitReportReporter -->
<testsuite hostname="DESKTOP-JRS82G2" failures="0" tests="11" name="com.sitenna.landlord.SitennaLoginPageAction" time="57.666" errors="0" timestamp="2024-05-06T11:22:20 IST" skipped="0">
  <testcase classname="com.sitenna.landlord.SitennaLoginPageAction" name="verifyTheSitennaLogoPresentOnLoginPage" time="4.815"/>
  <system-out/>
  <testcase classname="com.sitenna.landlord.SitennaLoginPageAction" name="verifyPageTitleShouldBeSitenna" time="1.650"/>
  <system-out/>
  <testcase classname="com.sitenna.landlord.SitennaLoginPageAction" name="verifyTheLoginButtonShouldNotBeEnableUntillUserFillsBothFieldOfLogInPage" time="9.345"/>
  <system-out/>
  <testcase classname="com.sitenna.landlord.SitennaLoginPageAction" name="verifyIfUserFillsOnlyEmailIdFieldThenLoginButtonShouldNotEnable" time="1.779"/>
  <system-out/>
  <testcase classname="com.sitenna.landlord.SitennaLoginPageAction" name="verifyIfUserTypesOnlyPasswordThenLogInButtonShouldNotBeEnabled" time="5.415"/>
  <system-out/>
  <testcase classname="com.sitenna.landlord.SitennaLoginPageAction" name="verifyIfUserTypesTheValidEmailIDinTheEmailTextField" time="4.618"/>
  <system-out/>
  <testcase classname="com.sitenna.landlord.SitennaLoginPageAction" name="verifyIfUserTypesTheInvalidEmailIDinTheEmailTextField" time="4.688"/>
  <system-out/>
  <testcase classname="com.sitenna.landlord.SitennaLoginPageAction" name="verifyIfUserRemovesTheEmailID" time="3.860"/>
  <system-out/>
  <testcase classname="com.sitenna.landlord.SitennaLoginPageAction" name="verifyIfUserTypesInThePasswordTextFieldThenEyeIconIsEnabled" time="8.001"/>
  <system-out/>
  <testcase classname="com.sitenna.landlord.SitennaLoginPageAction" name="verifyTheEyeIconShouldBeEnabledAndPasswordShouldBeHidden" time="7.622"/>
  <system-out/>
  <testcase classname="com.sitenna.landlord.SitennaLoginPageAction" name="verifyIfUserClicksOnTheEyeIconToSeeThePasswordThenUserShouldBeAbleToSeeTheWrittenPassword" time="5.873"/>
  <system-out/>
</testsuite> <!-- com.sitenna.landlord.SitennaLoginPageAction -->
