<?xml version="1.0" encoding="UTF-8"?>
<!-- Generated by org.testng.reporters.JUnitReportReporter -->
<testsuite hostname="DESKTOP-JRS82G2" failures="0" tests="4" name="com.sitenna.landlord.SitennaLogoutTest" time="60.120" errors="0" timestamp="2024-05-29T16:05:04 IST" skipped="0">
  <testcase classname="com.sitenna.landlord.SitennaLogoutTest" name="verifyTheUserCanSuccessfullyLogOutFromTheApplicationByClickingTheLogoutLink_Logout_TC_01" time="7.055"/>
  <system-out/>
  <testcase classname="com.sitenna.landlord.SitennaLogoutTest" name="verifyTheUserCanNotPerformAnyActionFromFirstTabIfUserHasLoggedOutFromTheSecondTabOrOtherTab_Logout_TC_02" time="21.453"/>
  <system-out/>
  <testcase classname="com.sitenna.landlord.SitennaLogoutTest" name="verifyOneUsersLogoutDoesNotAffectsTheSecondUser_Logout_TC_03" time="21.759"/>
  <system-out/>
  <testcase classname="com.sitenna.landlord.SitennaLogoutTest" name="verifyUserCantLogInAgainFromBackArrowAfterLogginOut_Logout_TC_04" time="9.853"/>
  <system-out/>
</testsuite> <!-- com.sitenna.landlord.SitennaLogoutTest -->
