<?xml version="1.0" encoding="UTF-8"?>
<!-- Generated by org.testng.reporters.JUnitReportReporter -->
<testsuite hostname="DESKTOP-JRS82G2" failures="0" tests="1" name="com.sitenna.landlord.SitennaForgotPasswordTest" time="44.614" errors="0" timestamp="2024-05-23T12:21:35 IST" skipped="0">
  <testcase classname="com.sitenna.landlord.SitennaForgotPasswordTest" name="verifyAUserCanLoginWithTheNewPassword_ForgotPassword_TC_10" time="44.614"/>
  <system-out/>
</testsuite> <!-- com.sitenna.landlord.SitennaForgotPasswordTest -->
