<?xml version="1.0" encoding="UTF-8"?>
<!-- Generated by org.testng.reporters.JUnitReportReporter -->
<testsuite hostname="DESKTOP-JRS82G2" failures="0" tests="14" name="com.sitenna.landlord.SitennaLoginPageActionTest" time="96.064" errors="0" timestamp="2024-05-29T16:05:04 IST" skipped="0">
  <testcase classname="com.sitenna.landlord.SitennaLoginPageActionTest" name="verifyLoginPage_Login_TC_01" time="4.854"/>
  <system-out/>
  <testcase classname="com.sitenna.landlord.SitennaLoginPageActionTest" name="verifyWithoutEnteringAnyCredentials_Login_TC_02" time="1.666"/>
  <system-out/>
  <testcase classname="com.sitenna.landlord.SitennaLoginPageActionTest" name="verifyEnteringEmailIDandPasswordandThenRemoveBoth_Login_TC_03" time="10.811"/>
  <system-out/>
  <testcase classname="com.sitenna.landlord.SitennaLoginPageActionTest" name="verifyEnteringRandomEmailIdWhichIsNotRegistered_Login_TC_04" time="10.510"/>
  <system-out/>
  <testcase classname="com.sitenna.landlord.SitennaLoginPageActionTest" name="verifyEnteringInvalidEmailIDnotInProperFormat_Login_TC_05" time="6.922"/>
  <system-out/>
  <testcase classname="com.sitenna.landlord.SitennaLoginPageActionTest" name="verifyEnteringInvalidPasswordWherePasswordSatisfyingpasswordPolicyButIncorrect_Login_TC_06" time="3.161"/>
  <system-out/>
  <testcase classname="com.sitenna.landlord.SitennaLoginPageActionTest" name="verifyEnteringInvalidPasswordNotSafisfyingPasswordPolicy_Login_TC_07" time="5.646"/>
  <system-out/>
  <testcase classname="com.sitenna.landlord.SitennaLoginPageActionTest" name="verifyIfUserTypesTheValidEmailIdInTheEmailTextField_Login_TC_08" time="6.378"/>
  <system-out/>
  <testcase classname="com.sitenna.landlord.SitennaLoginPageActionTest" name="verifyIfUserTypesTheValidEmailIdAndPasswordInBothEmailAndPasswordTextFields_Login_TC_09" time="5.484"/>
  <system-out/>
  <testcase classname="com.sitenna.landlord.SitennaLoginPageActionTest" name="verifyIfUserTypesInThePasswordThenEyeIconIsVisible_Login_TC_10" time="7.981"/>
  <system-out/>
  <testcase classname="com.sitenna.landlord.SitennaLoginPageActionTest" name="verifyIfUserClicksOnTheEyeIconInThePasswordInputField_Login_TC_11" time="7.997"/>
  <system-out/>
  <testcase classname="com.sitenna.landlord.SitennaLoginPageActionTest" name="verifyIfUserClicksOnTheEyeIconTwice_Login_TC_12" time="4.960"/>
  <system-out/>
  <testcase classname="com.sitenna.landlord.SitennaLoginPageActionTest" name="verifyIfUserTriesToLogInWithTheEmailID_Username_forThatInviteUserProcessHasNotBeenCompleted_Login_TC_13" time="7.678"/>
  <system-out/>
  <testcase classname="com.sitenna.landlord.SitennaLoginPageActionTest" name="verifyIfUserTryToLogInWithTheDeletedOrArchivedEmailId_username_ThenUserShouldNotBeAbleLogIN_Login_TC_14" time="12.016"/>
  <system-out/>
</testsuite> <!-- com.sitenna.landlord.SitennaLoginPageActionTest -->
